04-Mar-2020 14:20:55.954 INFO [main] org.apache.catalina.startup.VersionLoggerListener.log Server version name:   Apache Tomcat/8.5.51
04-Mar-2020 14:20:55.971 INFO [main] org.apache.catalina.startup.VersionLoggerListener.log Server built:          Feb 5 2020 22:26:25 UTC
04-Mar-2020 14:20:55.971 INFO [main] org.apache.catalina.startup.VersionLoggerListener.log Server version number: 8.5.51.0
04-Mar-2020 14:20:55.972 INFO [main] org.apache.catalina.startup.VersionLoggerListener.log OS Name:               Windows 10
04-Mar-2020 14:20:55.972 INFO [main] org.apache.catalina.startup.VersionLoggerListener.log OS Version:            10.0
04-Mar-2020 14:20:55.973 INFO [main] org.apache.catalina.startup.VersionLoggerListener.log Architecture:          amd64
04-Mar-2020 14:20:55.973 INFO [main] org.apache.catalina.startup.VersionLoggerListener.log Java Home:             C:\Program Files\Java\jre1.8.0_241
04-Mar-2020 14:20:55.974 INFO [main] org.apache.catalina.startup.VersionLoggerListener.log JVM Version:           1.8.0_241-b07
04-Mar-2020 14:20:55.974 INFO [main] org.apache.catalina.startup.VersionLoggerListener.log JVM Vendor:            Oracle Corporation
04-Mar-2020 14:20:55.974 INFO [main] org.apache.catalina.startup.VersionLoggerListener.log CATALINA_BASE:         C:\Tomcat
04-Mar-2020 14:20:55.974 INFO [main] org.apache.catalina.startup.VersionLoggerListener.log CATALINA_HOME:         C:\Tomcat
04-Mar-2020 14:20:55.974 INFO [main] org.apache.catalina.startup.VersionLoggerListener.log Command line argument: -Djava.util.logging.config.file=C:\Tomcat\conf\logging.properties
04-Mar-2020 14:20:55.974 INFO [main] org.apache.catalina.startup.VersionLoggerListener.log Command line argument: -Djava.util.logging.manager=org.apache.juli.ClassLoaderLogManager
04-Mar-2020 14:20:55.974 INFO [main] org.apache.catalina.startup.VersionLoggerListener.log Command line argument: -Djdk.tls.ephemeralDHKeySize=2048
04-Mar-2020 14:20:55.974 INFO [main] org.apache.catalina.startup.VersionLoggerListener.log Command line argument: -Djava.protocol.handler.pkgs=org.apache.catalina.webresources
04-Mar-2020 14:20:55.975 INFO [main] org.apache.catalina.startup.VersionLoggerListener.log Command line argument: -Dignore.endorsed.dirs=
04-Mar-2020 14:20:55.975 INFO [main] org.apache.catalina.startup.VersionLoggerListener.log Command line argument: -Dcatalina.base=C:\Tomcat
04-Mar-2020 14:20:55.975 INFO [main] org.apache.catalina.startup.VersionLoggerListener.log Command line argument: -Dcatalina.home=C:\Tomcat
04-Mar-2020 14:20:55.975 INFO [main] org.apache.catalina.startup.VersionLoggerListener.log Command line argument: -Djava.io.tmpdir=C:\Tomcat\temp
04-Mar-2020 14:20:55.976 INFO [main] org.apache.catalina.core.AprLifecycleListener.lifecycleEvent Loaded APR based Apache Tomcat Native library [1.2.23] using APR version [1.7.0].
04-Mar-2020 14:20:55.976 INFO [main] org.apache.catalina.core.AprLifecycleListener.lifecycleEvent APR capabilities: IPv6 [true], sendfile [true], accept filters [false], random [true].
04-Mar-2020 14:20:55.976 INFO [main] org.apache.catalina.core.AprLifecycleListener.lifecycleEvent APR/OpenSSL configuration: useAprConnector [false], useOpenSSL [true]
04-Mar-2020 14:20:55.980 INFO [main] org.apache.catalina.core.AprLifecycleListener.initializeSSL OpenSSL successfully initialized [OpenSSL 1.1.1c  28 May 2019]
04-Mar-2020 14:20:56.342 INFO [main] org.apache.coyote.AbstractProtocol.init Initializing ProtocolHandler ["http-nio-8081"]
04-Mar-2020 14:20:56.646 INFO [main] org.apache.tomcat.util.net.NioSelectorPool.getSharedSelector Using a shared selector for servlet write/read
04-Mar-2020 14:20:56.659 INFO [main] org.apache.catalina.startup.Catalina.load Initialization processed in 1081 ms
04-Mar-2020 14:20:56.690 INFO [main] org.apache.catalina.core.StandardService.startInternal Starting service [Catalina]
04-Mar-2020 14:20:56.690 INFO [main] org.apache.catalina.core.StandardEngine.startInternal Starting Servlet Engine: Apache Tomcat/8.5.51
04-Mar-2020 14:20:56.697 INFO [localhost-startStop-1] org.apache.catalina.startup.HostConfig.deployDirectory Deploying web application directory [C:\Tomcat\webapps\camServer]
04-Mar-2020 14:20:56.901 INFO [localhost-startStop-1] org.apache.catalina.startup.HostConfig.deployDirectory Deployment of web application directory [C:\Tomcat\webapps\camServer] has finished in [204] ms
04-Mar-2020 14:20:56.902 INFO [localhost-startStop-1] org.apache.catalina.startup.HostConfig.deployDirectory Deploying web application directory [C:\Tomcat\webapps\docs]
04-Mar-2020 14:20:56.925 INFO [localhost-startStop-1] org.apache.catalina.startup.HostConfig.deployDirectory Deployment of web application directory [C:\Tomcat\webapps\docs] has finished in [23] ms
04-Mar-2020 14:20:56.925 INFO [localhost-startStop-1] org.apache.catalina.startup.HostConfig.deployDirectory Deploying web application directory [C:\Tomcat\webapps\examples]
04-Mar-2020 14:20:57.722 INFO [localhost-startStop-1] org.apache.catalina.startup.HostConfig.deployDirectory Deployment of web application directory [C:\Tomcat\webapps\examples] has finished in [797] ms
04-Mar-2020 14:20:57.722 INFO [localhost-startStop-1] org.apache.catalina.startup.HostConfig.deployDirectory Deploying web application directory [C:\Tomcat\webapps\host-manager]
04-Mar-2020 14:20:57.760 INFO [localhost-startStop-1] org.apache.catalina.startup.HostConfig.deployDirectory Deployment of web application directory [C:\Tomcat\webapps\host-manager] has finished in [38] ms
04-Mar-2020 14:20:57.761 INFO [localhost-startStop-1] org.apache.catalina.startup.HostConfig.deployDirectory Deploying web application directory [C:\Tomcat\webapps\manager]
04-Mar-2020 14:20:57.786 INFO [localhost-startStop-1] org.apache.catalina.startup.HostConfig.deployDirectory Deployment of web application directory [C:\Tomcat\webapps\manager] has finished in [25] ms
04-Mar-2020 14:20:57.787 INFO [localhost-startStop-1] org.apache.catalina.startup.HostConfig.deployDirectory Deploying web application directory [C:\Tomcat\webapps\midp]
04-Mar-2020 14:20:57.810 INFO [localhost-startStop-1] org.apache.catalina.startup.HostConfig.deployDirectory Deployment of web application directory [C:\Tomcat\webapps\midp] has finished in [22] ms
04-Mar-2020 14:20:57.810 INFO [localhost-startStop-1] org.apache.catalina.startup.HostConfig.deployDirectory Deploying web application directory [C:\Tomcat\webapps\PhotoGallery]
04-Mar-2020 14:20:57.840 INFO [localhost-startStop-1] org.apache.catalina.startup.HostConfig.deployDirectory Deployment of web application directory [C:\Tomcat\webapps\PhotoGallery] has finished in [30] ms
04-Mar-2020 14:20:57.840 INFO [localhost-startStop-1] org.apache.catalina.startup.HostConfig.deployDirectory Deploying web application directory [C:\Tomcat\webapps\ROOT]
04-Mar-2020 14:20:57.859 INFO [localhost-startStop-1] org.apache.catalina.startup.HostConfig.deployDirectory Deployment of web application directory [C:\Tomcat\webapps\ROOT] has finished in [19] ms
04-Mar-2020 14:20:57.862 INFO [main] org.apache.coyote.AbstractProtocol.start Starting ProtocolHandler ["http-nio-8081"]
04-Mar-2020 14:20:57.868 INFO [main] org.apache.catalina.startup.Catalina.start Server startup in 1208 ms
04-Mar-2020 14:25:17.428 INFO [main] org.apache.catalina.core.StandardServer.await A valid shutdown command was received via the shutdown port. Stopping the Server instance.
04-Mar-2020 14:25:17.429 INFO [main] org.apache.coyote.AbstractProtocol.pause Pausing ProtocolHandler ["http-nio-8081"]
04-Mar-2020 14:25:17.662 INFO [main] org.apache.catalina.core.StandardService.stopInternal Stopping service [Catalina]
04-Mar-2020 14:25:17.686 INFO [main] org.apache.coyote.AbstractProtocol.stop Stopping ProtocolHandler ["http-nio-8081"]
04-Mar-2020 14:25:17.688 INFO [main] org.apache.coyote.AbstractProtocol.destroy Destroying ProtocolHandler ["http-nio-8081"]
04-Mar-2020 14:25:29.202 INFO [main] org.apache.catalina.startup.VersionLoggerListener.log Server version name:   Apache Tomcat/8.5.51
04-Mar-2020 14:25:29.203 INFO [main] org.apache.catalina.startup.VersionLoggerListener.log Server built:          Feb 5 2020 22:26:25 UTC
04-Mar-2020 14:25:29.204 INFO [main] org.apache.catalina.startup.VersionLoggerListener.log Server version number: 8.5.51.0
04-Mar-2020 14:25:29.204 INFO [main] org.apache.catalina.startup.VersionLoggerListener.log OS Name:               Windows 10
04-Mar-2020 14:25:29.204 INFO [main] org.apache.catalina.startup.VersionLoggerListener.log OS Version:            10.0
04-Mar-2020 14:25:29.204 INFO [main] org.apache.catalina.startup.VersionLoggerListener.log Architecture:          amd64
04-Mar-2020 14:25:29.204 INFO [main] org.apache.catalina.startup.VersionLoggerListener.log Java Home:             C:\Program Files\Java\jre1.8.0_241
04-Mar-2020 14:25:29.204 INFO [main] org.apache.catalina.startup.VersionLoggerListener.log JVM Version:           1.8.0_241-b07
04-Mar-2020 14:25:29.205 INFO [main] org.apache.catalina.startup.VersionLoggerListener.log JVM Vendor:            Oracle Corporation
04-Mar-2020 14:25:29.205 INFO [main] org.apache.catalina.startup.VersionLoggerListener.log CATALINA_BASE:         C:\Tomcat
04-Mar-2020 14:25:29.205 INFO [main] org.apache.catalina.startup.VersionLoggerListener.log CATALINA_HOME:         C:\Tomcat
04-Mar-2020 14:25:29.205 INFO [main] org.apache.catalina.startup.VersionLoggerListener.log Command line argument: -Djava.util.logging.config.file=C:\Tomcat\conf\logging.properties
04-Mar-2020 14:25:29.205 INFO [main] org.apache.catalina.startup.VersionLoggerListener.log Command line argument: -Djava.util.logging.manager=org.apache.juli.ClassLoaderLogManager
04-Mar-2020 14:25:29.206 INFO [main] org.apache.catalina.startup.VersionLoggerListener.log Command line argument: -Djdk.tls.ephemeralDHKeySize=2048
04-Mar-2020 14:25:29.206 INFO [main] org.apache.catalina.startup.VersionLoggerListener.log Command line argument: -Djava.protocol.handler.pkgs=org.apache.catalina.webresources
04-Mar-2020 14:25:29.206 INFO [main] org.apache.catalina.startup.VersionLoggerListener.log Command line argument: -Dignore.endorsed.dirs=
04-Mar-2020 14:25:29.206 INFO [main] org.apache.catalina.startup.VersionLoggerListener.log Command line argument: -Dcatalina.base=C:\Tomcat
04-Mar-2020 14:25:29.206 INFO [main] org.apache.catalina.startup.VersionLoggerListener.log Command line argument: -Dcatalina.home=C:\Tomcat
04-Mar-2020 14:25:29.206 INFO [main] org.apache.catalina.startup.VersionLoggerListener.log Command line argument: -Djava.io.tmpdir=C:\Tomcat\temp
04-Mar-2020 14:25:29.206 INFO [main] org.apache.catalina.core.AprLifecycleListener.lifecycleEvent Loaded APR based Apache Tomcat Native library [1.2.23] using APR version [1.7.0].
04-Mar-2020 14:25:29.207 INFO [main] org.apache.catalina.core.AprLifecycleListener.lifecycleEvent APR capabilities: IPv6 [true], sendfile [true], accept filters [false], random [true].
04-Mar-2020 14:25:29.207 INFO [main] org.apache.catalina.core.AprLifecycleListener.lifecycleEvent APR/OpenSSL configuration: useAprConnector [false], useOpenSSL [true]
04-Mar-2020 14:25:29.210 INFO [main] org.apache.catalina.core.AprLifecycleListener.initializeSSL OpenSSL successfully initialized [OpenSSL 1.1.1c  28 May 2019]
04-Mar-2020 14:25:29.299 INFO [main] org.apache.coyote.AbstractProtocol.init Initializing ProtocolHandler ["http-nio-8081"]
04-Mar-2020 14:25:29.579 INFO [main] org.apache.tomcat.util.net.NioSelectorPool.getSharedSelector Using a shared selector for servlet write/read
04-Mar-2020 14:25:29.590 INFO [main] org.apache.catalina.startup.Catalina.load Initialization processed in 649 ms
04-Mar-2020 14:25:29.611 INFO [main] org.apache.catalina.core.StandardService.startInternal Starting service [Catalina]
04-Mar-2020 14:25:29.611 INFO [main] org.apache.catalina.core.StandardEngine.startInternal Starting Servlet Engine: Apache Tomcat/8.5.51
04-Mar-2020 14:25:29.617 INFO [localhost-startStop-1] org.apache.catalina.startup.HostConfig.deployDirectory Deploying web application directory [C:\Tomcat\webapps\camServer]
04-Mar-2020 14:25:29.786 INFO [localhost-startStop-1] org.apache.catalina.startup.HostConfig.deployDirectory Deployment of web application directory [C:\Tomcat\webapps\camServer] has finished in [168] ms
04-Mar-2020 14:25:29.786 INFO [localhost-startStop-1] org.apache.catalina.startup.HostConfig.deployDirectory Deploying web application directory [C:\Tomcat\webapps\docs]
04-Mar-2020 14:25:29.805 INFO [localhost-startStop-1] org.apache.catalina.startup.HostConfig.deployDirectory Deployment of web application directory [C:\Tomcat\webapps\docs] has finished in [19] ms
04-Mar-2020 14:25:29.805 INFO [localhost-startStop-1] org.apache.catalina.startup.HostConfig.deployDirectory Deploying web application directory [C:\Tomcat\webapps\examples]
04-Mar-2020 14:25:30.030 INFO [localhost-startStop-1] org.apache.catalina.startup.HostConfig.deployDirectory Deployment of web application directory [C:\Tomcat\webapps\examples] has finished in [225] ms
04-Mar-2020 14:25:30.031 INFO [localhost-startStop-1] org.apache.catalina.startup.HostConfig.deployDirectory Deploying web application directory [C:\Tomcat\webapps\host-manager]
04-Mar-2020 14:25:30.059 INFO [localhost-startStop-1] org.apache.catalina.startup.HostConfig.deployDirectory Deployment of web application directory [C:\Tomcat\webapps\host-manager] has finished in [28] ms
04-Mar-2020 14:25:30.059 INFO [localhost-startStop-1] org.apache.catalina.startup.HostConfig.deployDirectory Deploying web application directory [C:\Tomcat\webapps\manager]
04-Mar-2020 14:25:30.079 INFO [localhost-startStop-1] org.apache.catalina.startup.HostConfig.deployDirectory Deployment of web application directory [C:\Tomcat\webapps\manager] has finished in [20] ms
04-Mar-2020 14:25:30.079 INFO [localhost-startStop-1] org.apache.catalina.startup.HostConfig.deployDirectory Deploying web application directory [C:\Tomcat\webapps\midp]
04-Mar-2020 14:25:30.100 INFO [localhost-startStop-1] org.apache.catalina.startup.HostConfig.deployDirectory Deployment of web application directory [C:\Tomcat\webapps\midp] has finished in [21] ms
04-Mar-2020 14:25:30.101 INFO [localhost-startStop-1] org.apache.catalina.startup.HostConfig.deployDirectory Deploying web application directory [C:\Tomcat\webapps\PhotoGallery]
04-Mar-2020 14:25:30.121 INFO [localhost-startStop-1] org.apache.catalina.startup.HostConfig.deployDirectory Deployment of web application directory [C:\Tomcat\webapps\PhotoGallery] has finished in [20] ms
04-Mar-2020 14:25:30.121 INFO [localhost-startStop-1] org.apache.catalina.startup.HostConfig.deployDirectory Deploying web application directory [C:\Tomcat\webapps\ROOT]
04-Mar-2020 14:25:30.135 INFO [localhost-startStop-1] org.apache.catalina.startup.HostConfig.deployDirectory Deployment of web application directory [C:\Tomcat\webapps\ROOT] has finished in [14] ms
04-Mar-2020 14:25:30.137 INFO [main] org.apache.coyote.AbstractProtocol.start Starting ProtocolHandler ["http-nio-8081"]
04-Mar-2020 14:25:30.143 INFO [main] org.apache.catalina.startup.Catalina.start Server startup in 552 ms
04-Mar-2020 14:46:23.400 INFO [main] org.apache.catalina.core.StandardServer.await A valid shutdown command was received via the shutdown port. Stopping the Server instance.
04-Mar-2020 14:46:23.401 INFO [main] org.apache.coyote.AbstractProtocol.pause Pausing ProtocolHandler ["http-nio-8081"]
04-Mar-2020 14:46:23.640 INFO [main] org.apache.catalina.core.StandardService.stopInternal Stopping service [Catalina]
04-Mar-2020 14:46:23.658 INFO [main] org.apache.coyote.AbstractProtocol.stop Stopping ProtocolHandler ["http-nio-8081"]
04-Mar-2020 14:46:23.659 INFO [main] org.apache.coyote.AbstractProtocol.destroy Destroying ProtocolHandler ["http-nio-8081"]
