19-Mar-2020 20:31:17.605 INFO [main] org.apache.catalina.startup.VersionLoggerListener.log Server version name:   Apache Tomcat/8.5.51
19-Mar-2020 20:31:17.625 INFO [main] org.apache.catalina.startup.VersionLoggerListener.log Server built:          Feb 5 2020 22:26:25 UTC
19-Mar-2020 20:31:17.625 INFO [main] org.apache.catalina.startup.VersionLoggerListener.log Server version number: 8.5.51.0
19-Mar-2020 20:31:17.626 INFO [main] org.apache.catalina.startup.VersionLoggerListener.log OS Name:               Windows 10
19-Mar-2020 20:31:17.626 INFO [main] org.apache.catalina.startup.VersionLoggerListener.log OS Version:            10.0
19-Mar-2020 20:31:17.627 INFO [main] org.apache.catalina.startup.VersionLoggerListener.log Architecture:          amd64
19-Mar-2020 20:31:17.627 INFO [main] org.apache.catalina.startup.VersionLoggerListener.log Java Home:             C:\Program Files\Java\jre1.8.0_241
19-Mar-2020 20:31:17.627 INFO [main] org.apache.catalina.startup.VersionLoggerListener.log JVM Version:           1.8.0_241-b07
19-Mar-2020 20:31:17.627 INFO [main] org.apache.catalina.startup.VersionLoggerListener.log JVM Vendor:            Oracle Corporation
19-Mar-2020 20:31:17.628 INFO [main] org.apache.catalina.startup.VersionLoggerListener.log CATALINA_BASE:         C:\Tomcat
19-Mar-2020 20:31:17.628 INFO [main] org.apache.catalina.startup.VersionLoggerListener.log CATALINA_HOME:         C:\Tomcat
19-Mar-2020 20:31:17.628 INFO [main] org.apache.catalina.startup.VersionLoggerListener.log Command line argument: -Djava.util.logging.config.file=C:\Tomcat\conf\logging.properties
19-Mar-2020 20:31:17.628 INFO [main] org.apache.catalina.startup.VersionLoggerListener.log Command line argument: -Djava.util.logging.manager=org.apache.juli.ClassLoaderLogManager
19-Mar-2020 20:31:17.628 INFO [main] org.apache.catalina.startup.VersionLoggerListener.log Command line argument: -Djdk.tls.ephemeralDHKeySize=2048
19-Mar-2020 20:31:17.629 INFO [main] org.apache.catalina.startup.VersionLoggerListener.log Command line argument: -Djava.protocol.handler.pkgs=org.apache.catalina.webresources
19-Mar-2020 20:31:17.629 INFO [main] org.apache.catalina.startup.VersionLoggerListener.log Command line argument: -Dignore.endorsed.dirs=
19-Mar-2020 20:31:17.629 INFO [main] org.apache.catalina.startup.VersionLoggerListener.log Command line argument: -Dcatalina.base=C:\Tomcat
19-Mar-2020 20:31:17.629 INFO [main] org.apache.catalina.startup.VersionLoggerListener.log Command line argument: -Dcatalina.home=C:\Tomcat
19-Mar-2020 20:31:17.629 INFO [main] org.apache.catalina.startup.VersionLoggerListener.log Command line argument: -Djava.io.tmpdir=C:\Tomcat\temp
19-Mar-2020 20:31:17.629 INFO [main] org.apache.catalina.core.AprLifecycleListener.lifecycleEvent Loaded APR based Apache Tomcat Native library [1.2.23] using APR version [1.7.0].
19-Mar-2020 20:31:17.630 INFO [main] org.apache.catalina.core.AprLifecycleListener.lifecycleEvent APR capabilities: IPv6 [true], sendfile [true], accept filters [false], random [true].
19-Mar-2020 20:31:17.630 INFO [main] org.apache.catalina.core.AprLifecycleListener.lifecycleEvent APR/OpenSSL configuration: useAprConnector [false], useOpenSSL [true]
19-Mar-2020 20:31:17.647 INFO [main] org.apache.catalina.core.AprLifecycleListener.initializeSSL OpenSSL successfully initialized [OpenSSL 1.1.1c  28 May 2019]
19-Mar-2020 20:31:18.067 INFO [main] org.apache.coyote.AbstractProtocol.init Initializing ProtocolHandler ["http-nio-8081"]
19-Mar-2020 20:31:18.400 INFO [main] org.apache.tomcat.util.net.NioSelectorPool.getSharedSelector Using a shared selector for servlet write/read
19-Mar-2020 20:31:18.415 INFO [main] org.apache.catalina.startup.Catalina.load Initialization processed in 1240 ms
19-Mar-2020 20:31:18.455 INFO [main] org.apache.catalina.core.StandardService.startInternal Starting service [Catalina]
19-Mar-2020 20:31:18.455 INFO [main] org.apache.catalina.core.StandardEngine.startInternal Starting Servlet Engine: Apache Tomcat/8.5.51
19-Mar-2020 20:31:18.463 INFO [localhost-startStop-1] org.apache.catalina.startup.HostConfig.deployDirectory Deploying web application directory [C:\Tomcat\webapps\camServer]
19-Mar-2020 20:31:18.978 INFO [localhost-startStop-1] org.apache.jasper.servlet.TldScanner.scanJars At least one JAR was scanned for TLDs yet contained no TLDs. Enable debug logging for this logger for a complete list of JARs that were scanned but no TLDs were found in them. Skipping unneeded JARs during scanning can improve startup time and JSP compilation time.
19-Mar-2020 20:31:19.011 INFO [localhost-startStop-1] org.apache.catalina.startup.HostConfig.deployDirectory Deployment of web application directory [C:\Tomcat\webapps\camServer] has finished in [547] ms
19-Mar-2020 20:31:19.011 INFO [localhost-startStop-1] org.apache.catalina.startup.HostConfig.deployDirectory Deploying web application directory [C:\Tomcat\webapps\docs]
19-Mar-2020 20:31:19.214 INFO [localhost-startStop-1] org.apache.jasper.servlet.TldScanner.scanJars At least one JAR was scanned for TLDs yet contained no TLDs. Enable debug logging for this logger for a complete list of JARs that were scanned but no TLDs were found in them. Skipping unneeded JARs during scanning can improve startup time and JSP compilation time.
19-Mar-2020 20:31:19.217 INFO [localhost-startStop-1] org.apache.catalina.startup.HostConfig.deployDirectory Deployment of web application directory [C:\Tomcat\webapps\docs] has finished in [206] ms
19-Mar-2020 20:31:19.217 INFO [localhost-startStop-1] org.apache.catalina.startup.HostConfig.deployDirectory Deploying web application directory [C:\Tomcat\webapps\examples]
19-Mar-2020 20:31:20.248 INFO [localhost-startStop-1] org.apache.jasper.servlet.TldScanner.scanJars At least one JAR was scanned for TLDs yet contained no TLDs. Enable debug logging for this logger for a complete list of JARs that were scanned but no TLDs were found in them. Skipping unneeded JARs during scanning can improve startup time and JSP compilation time.
19-Mar-2020 20:31:20.294 INFO [localhost-startStop-1] org.apache.catalina.startup.HostConfig.deployDirectory Deployment of web application directory [C:\Tomcat\webapps\examples] has finished in [1,077] ms
19-Mar-2020 20:31:20.294 INFO [localhost-startStop-1] org.apache.catalina.startup.HostConfig.deployDirectory Deploying web application directory [C:\Tomcat\webapps\FileUploadDatabase]
19-Mar-2020 20:31:20.512 INFO [localhost-startStop-1] org.apache.jasper.servlet.TldScanner.scanJars At least one JAR was scanned for TLDs yet contained no TLDs. Enable debug logging for this logger for a complete list of JARs that were scanned but no TLDs were found in them. Skipping unneeded JARs during scanning can improve startup time and JSP compilation time.
19-Mar-2020 20:31:20.514 INFO [localhost-startStop-1] org.apache.catalina.startup.HostConfig.deployDirectory Deployment of web application directory [C:\Tomcat\webapps\FileUploadDatabase] has finished in [220] ms
19-Mar-2020 20:31:20.515 INFO [localhost-startStop-1] org.apache.catalina.startup.HostConfig.deployDirectory Deploying web application directory [C:\Tomcat\webapps\host-manager]
19-Mar-2020 20:31:20.726 INFO [localhost-startStop-1] org.apache.jasper.servlet.TldScanner.scanJars At least one JAR was scanned for TLDs yet contained no TLDs. Enable debug logging for this logger for a complete list of JARs that were scanned but no TLDs were found in them. Skipping unneeded JARs during scanning can improve startup time and JSP compilation time.
19-Mar-2020 20:31:20.730 INFO [localhost-startStop-1] org.apache.catalina.startup.HostConfig.deployDirectory Deployment of web application directory [C:\Tomcat\webapps\host-manager] has finished in [215] ms
19-Mar-2020 20:31:20.730 INFO [localhost-startStop-1] org.apache.catalina.startup.HostConfig.deployDirectory Deploying web application directory [C:\Tomcat\webapps\manager]
19-Mar-2020 20:31:20.989 INFO [localhost-startStop-1] org.apache.jasper.servlet.TldScanner.scanJars At least one JAR was scanned for TLDs yet contained no TLDs. Enable debug logging for this logger for a complete list of JARs that were scanned but no TLDs were found in them. Skipping unneeded JARs during scanning can improve startup time and JSP compilation time.
19-Mar-2020 20:31:20.992 INFO [localhost-startStop-1] org.apache.catalina.startup.HostConfig.deployDirectory Deployment of web application directory [C:\Tomcat\webapps\manager] has finished in [262] ms
19-Mar-2020 20:31:20.993 INFO [localhost-startStop-1] org.apache.catalina.startup.HostConfig.deployDirectory Deploying web application directory [C:\Tomcat\webapps\midp]
19-Mar-2020 20:31:21.231 INFO [localhost-startStop-1] org.apache.jasper.servlet.TldScanner.scanJars At least one JAR was scanned for TLDs yet contained no TLDs. Enable debug logging for this logger for a complete list of JARs that were scanned but no TLDs were found in them. Skipping unneeded JARs during scanning can improve startup time and JSP compilation time.
19-Mar-2020 20:31:21.234 INFO [localhost-startStop-1] org.apache.catalina.startup.HostConfig.deployDirectory Deployment of web application directory [C:\Tomcat\webapps\midp] has finished in [242] ms
19-Mar-2020 20:31:21.235 INFO [localhost-startStop-1] org.apache.catalina.startup.HostConfig.deployDirectory Deploying web application directory [C:\Tomcat\webapps\PhotoGallery]
19-Mar-2020 20:31:21.253 SEVERE [localhost-startStop-1] org.apache.tomcat.util.digester.Digester.fatalError Parse Fatal Error at line 21 column 1: Content is not allowed in trailing section.
	org.xml.sax.SAXParseException; systemId: file:/C:/Tomcat/webapps/PhotoGallery/WEB-INF/web.xml; lineNumber: 21; columnNumber: 1; Content is not allowed in trailing section.
		at com.sun.org.apache.xerces.internal.util.ErrorHandlerWrapper.createSAXParseException(Unknown Source)
		at com.sun.org.apache.xerces.internal.util.ErrorHandlerWrapper.fatalError(Unknown Source)
		at com.sun.org.apache.xerces.internal.impl.XMLErrorReporter.reportError(Unknown Source)
		at com.sun.org.apache.xerces.internal.impl.XMLErrorReporter.reportError(Unknown Source)
		at com.sun.org.apache.xerces.internal.impl.XMLScanner.reportFatalError(Unknown Source)
		at com.sun.org.apache.xerces.internal.impl.XMLDocumentScannerImpl$TrailingMiscDriver.next(Unknown Source)
		at com.sun.org.apache.xerces.internal.impl.XMLDocumentScannerImpl.next(Unknown Source)
		at com.sun.org.apache.xerces.internal.impl.XMLDocumentFragmentScannerImpl.scanDocument(Unknown Source)
		at com.sun.org.apache.xerces.internal.parsers.XML11Configuration.parse(Unknown Source)
		at com.sun.org.apache.xerces.internal.parsers.XML11Configuration.parse(Unknown Source)
		at com.sun.org.apache.xerces.internal.parsers.XMLParser.parse(Unknown Source)
		at com.sun.org.apache.xerces.internal.parsers.AbstractSAXParser.parse(Unknown Source)
		at com.sun.org.apache.xerces.internal.jaxp.SAXParserImpl$JAXPSAXParser.parse(Unknown Source)
		at org.apache.tomcat.util.digester.Digester.parse(Digester.java:1503)
		at org.apache.tomcat.util.descriptor.web.WebXmlParser.parseWebXml(WebXmlParser.java:119)
		at org.apache.catalina.startup.ContextConfig.webConfig(ContextConfig.java:1115)
		at org.apache.catalina.startup.ContextConfig.configureStart(ContextConfig.java:776)
		at org.apache.catalina.startup.ContextConfig.lifecycleEvent(ContextConfig.java:299)
		at org.apache.catalina.util.LifecycleBase.fireLifecycleEvent(LifecycleBase.java:123)
		at org.apache.catalina.core.StandardContext.startInternal(StandardContext.java:5063)
		at org.apache.catalina.util.LifecycleBase.start(LifecycleBase.java:183)
		at org.apache.catalina.core.ContainerBase.addChildInternal(ContainerBase.java:743)
		at org.apache.catalina.core.ContainerBase.addChild(ContainerBase.java:719)
		at org.apache.catalina.core.StandardHost.addChild(StandardHost.java:705)
		at org.apache.catalina.startup.HostConfig.deployDirectory(HostConfig.java:1125)
		at org.apache.catalina.startup.HostConfig$DeployDirectory.run(HostConfig.java:1859)
		at java.util.concurrent.Executors$RunnableAdapter.call(Unknown Source)
		at java.util.concurrent.FutureTask.run(Unknown Source)
		at java.util.concurrent.ThreadPoolExecutor.runWorker(Unknown Source)
		at java.util.concurrent.ThreadPoolExecutor$Worker.run(Unknown Source)
		at java.lang.Thread.run(Unknown Source)
19-Mar-2020 20:31:21.256 SEVERE [localhost-startStop-1] org.apache.tomcat.util.descriptor.web.WebXmlParser.parseWebXml Parse error in application web.xml file at [file:/C:/Tomcat/webapps/PhotoGallery/WEB-INF/web.xml]
	org.xml.sax.SAXParseException; systemId: file:/C:/Tomcat/webapps/PhotoGallery/WEB-INF/web.xml; lineNumber: 21; columnNumber: 1; Content is not allowed in trailing section.
		at com.sun.org.apache.xerces.internal.util.ErrorHandlerWrapper.createSAXParseException(Unknown Source)
		at com.sun.org.apache.xerces.internal.util.ErrorHandlerWrapper.fatalError(Unknown Source)
		at com.sun.org.apache.xerces.internal.impl.XMLErrorReporter.reportError(Unknown Source)
		at com.sun.org.apache.xerces.internal.impl.XMLErrorReporter.reportError(Unknown Source)
		at com.sun.org.apache.xerces.internal.impl.XMLScanner.reportFatalError(Unknown Source)
		at com.sun.org.apache.xerces.internal.impl.XMLDocumentScannerImpl$TrailingMiscDriver.next(Unknown Source)
		at com.sun.org.apache.xerces.internal.impl.XMLDocumentScannerImpl.next(Unknown Source)
		at com.sun.org.apache.xerces.internal.impl.XMLDocumentFragmentScannerImpl.scanDocument(Unknown Source)
		at com.sun.org.apache.xerces.internal.parsers.XML11Configuration.parse(Unknown Source)
		at com.sun.org.apache.xerces.internal.parsers.XML11Configuration.parse(Unknown Source)
		at com.sun.org.apache.xerces.internal.parsers.XMLParser.parse(Unknown Source)
		at com.sun.org.apache.xerces.internal.parsers.AbstractSAXParser.parse(Unknown Source)
		at com.sun.org.apache.xerces.internal.jaxp.SAXParserImpl$JAXPSAXParser.parse(Unknown Source)
		at org.apache.tomcat.util.digester.Digester.parse(Digester.java:1503)
		at org.apache.tomcat.util.descriptor.web.WebXmlParser.parseWebXml(WebXmlParser.java:119)
		at org.apache.catalina.startup.ContextConfig.webConfig(ContextConfig.java:1115)
		at org.apache.catalina.startup.ContextConfig.configureStart(ContextConfig.java:776)
		at org.apache.catalina.startup.ContextConfig.lifecycleEvent(ContextConfig.java:299)
		at org.apache.catalina.util.LifecycleBase.fireLifecycleEvent(LifecycleBase.java:123)
		at org.apache.catalina.core.StandardContext.startInternal(StandardContext.java:5063)
		at org.apache.catalina.util.LifecycleBase.start(LifecycleBase.java:183)
		at org.apache.catalina.core.ContainerBase.addChildInternal(ContainerBase.java:743)
		at org.apache.catalina.core.ContainerBase.addChild(ContainerBase.java:719)
		at org.apache.catalina.core.StandardHost.addChild(StandardHost.java:705)
		at org.apache.catalina.startup.HostConfig.deployDirectory(HostConfig.java:1125)
		at org.apache.catalina.startup.HostConfig$DeployDirectory.run(HostConfig.java:1859)
		at java.util.concurrent.Executors$RunnableAdapter.call(Unknown Source)
		at java.util.concurrent.FutureTask.run(Unknown Source)
		at java.util.concurrent.ThreadPoolExecutor.runWorker(Unknown Source)
		at java.util.concurrent.ThreadPoolExecutor$Worker.run(Unknown Source)
		at java.lang.Thread.run(Unknown Source)
19-Mar-2020 20:31:21.262 SEVERE [localhost-startStop-1] org.apache.tomcat.util.descriptor.web.WebXmlParser.parseWebXml Occurred at line [21] column [1]
19-Mar-2020 20:31:21.265 SEVERE [localhost-startStop-1] org.apache.catalina.startup.ContextConfig.configureStart Marking this application unavailable due to previous error(s)
19-Mar-2020 20:31:21.266 SEVERE [localhost-startStop-1] org.apache.catalina.core.StandardContext.startInternal One or more components marked the context as not correctly configured
19-Mar-2020 20:31:21.267 SEVERE [localhost-startStop-1] org.apache.catalina.core.StandardContext.startInternal Context [/PhotoGallery] startup failed due to previous errors
19-Mar-2020 20:31:21.277 INFO [localhost-startStop-1] org.apache.catalina.startup.HostConfig.deployDirectory Deployment of web application directory [C:\Tomcat\webapps\PhotoGallery] has finished in [42] ms
19-Mar-2020 20:31:21.277 INFO [localhost-startStop-1] org.apache.catalina.startup.HostConfig.deployDirectory Deploying web application directory [C:\Tomcat\webapps\ROOT]
19-Mar-2020 20:31:21.478 INFO [localhost-startStop-1] org.apache.jasper.servlet.TldScanner.scanJars At least one JAR was scanned for TLDs yet contained no TLDs. Enable debug logging for this logger for a complete list of JARs that were scanned but no TLDs were found in them. Skipping unneeded JARs during scanning can improve startup time and JSP compilation time.
19-Mar-2020 20:31:21.481 INFO [localhost-startStop-1] org.apache.catalina.startup.HostConfig.deployDirectory Deployment of web application directory [C:\Tomcat\webapps\ROOT] has finished in [204] ms
19-Mar-2020 20:31:21.481 INFO [localhost-startStop-1] org.apache.catalina.startup.HostConfig.deployDirectory Deploying web application directory [C:\Tomcat\webapps\servletFileUploader]
19-Mar-2020 20:31:21.758 INFO [localhost-startStop-1] org.apache.jasper.servlet.TldScanner.scanJars At least one JAR was scanned for TLDs yet contained no TLDs. Enable debug logging for this logger for a complete list of JARs that were scanned but no TLDs were found in them. Skipping unneeded JARs during scanning can improve startup time and JSP compilation time.
19-Mar-2020 20:31:21.762 INFO [localhost-startStop-1] org.apache.catalina.startup.HostConfig.deployDirectory Deployment of web application directory [C:\Tomcat\webapps\servletFileUploader] has finished in [281] ms
19-Mar-2020 20:31:21.762 INFO [localhost-startStop-1] org.apache.catalina.startup.HostConfig.deployDirectory Deploying web application directory [C:\Tomcat\webapps\Storage]
19-Mar-2020 20:31:21.925 INFO [localhost-startStop-1] org.apache.jasper.servlet.TldScanner.scanJars At least one JAR was scanned for TLDs yet contained no TLDs. Enable debug logging for this logger for a complete list of JARs that were scanned but no TLDs were found in them. Skipping unneeded JARs during scanning can improve startup time and JSP compilation time.
19-Mar-2020 20:31:21.927 INFO [localhost-startStop-1] org.apache.catalina.startup.HostConfig.deployDirectory Deployment of web application directory [C:\Tomcat\webapps\Storage] has finished in [165] ms
19-Mar-2020 20:31:21.928 INFO [localhost-startStop-1] org.apache.catalina.startup.HostConfig.deployDirectory Deploying web application directory [C:\Tomcat\webapps\upload]
19-Mar-2020 20:31:22.092 INFO [localhost-startStop-1] org.apache.jasper.servlet.TldScanner.scanJars At least one JAR was scanned for TLDs yet contained no TLDs. Enable debug logging for this logger for a complete list of JARs that were scanned but no TLDs were found in them. Skipping unneeded JARs during scanning can improve startup time and JSP compilation time.
19-Mar-2020 20:31:22.096 INFO [localhost-startStop-1] org.apache.catalina.startup.HostConfig.deployDirectory Deployment of web application directory [C:\Tomcat\webapps\upload] has finished in [168] ms
19-Mar-2020 20:31:22.100 INFO [main] org.apache.coyote.AbstractProtocol.start Starting ProtocolHandler ["http-nio-8081"]
19-Mar-2020 20:31:22.110 INFO [main] org.apache.catalina.startup.Catalina.start Server startup in 3694 ms
19-Mar-2020 22:29:52.076 INFO [main] org.apache.catalina.core.StandardServer.await A valid shutdown command was received via the shutdown port. Stopping the Server instance.
19-Mar-2020 22:29:52.077 INFO [main] org.apache.coyote.AbstractProtocol.pause Pausing ProtocolHandler ["http-nio-8081"]
19-Mar-2020 22:29:52.313 INFO [main] org.apache.catalina.core.StandardService.stopInternal Stopping service [Catalina]
19-Mar-2020 22:29:52.456 INFO [main] org.apache.coyote.AbstractProtocol.stop Stopping ProtocolHandler ["http-nio-8081"]
19-Mar-2020 22:29:52.458 INFO [main] org.apache.coyote.AbstractProtocol.destroy Destroying ProtocolHandler ["http-nio-8081"]
19-Mar-2020 22:29:58.325 INFO [main] org.apache.catalina.startup.VersionLoggerListener.log Server version name:   Apache Tomcat/8.5.51
19-Mar-2020 22:29:58.338 INFO [main] org.apache.catalina.startup.VersionLoggerListener.log Server built:          Feb 5 2020 22:26:25 UTC
19-Mar-2020 22:29:58.338 INFO [main] org.apache.catalina.startup.VersionLoggerListener.log Server version number: 8.5.51.0
19-Mar-2020 22:29:58.339 INFO [main] org.apache.catalina.startup.VersionLoggerListener.log OS Name:               Windows 10
19-Mar-2020 22:29:58.339 INFO [main] org.apache.catalina.startup.VersionLoggerListener.log OS Version:            10.0
19-Mar-2020 22:29:58.339 INFO [main] org.apache.catalina.startup.VersionLoggerListener.log Architecture:          amd64
19-Mar-2020 22:29:58.340 INFO [main] org.apache.catalina.startup.VersionLoggerListener.log Java Home:             C:\Program Files\Java\jre1.8.0_241
19-Mar-2020 22:29:58.340 INFO [main] org.apache.catalina.startup.VersionLoggerListener.log JVM Version:           1.8.0_241-b07
19-Mar-2020 22:29:58.340 INFO [main] org.apache.catalina.startup.VersionLoggerListener.log JVM Vendor:            Oracle Corporation
19-Mar-2020 22:29:58.340 INFO [main] org.apache.catalina.startup.VersionLoggerListener.log CATALINA_BASE:         C:\Tomcat
19-Mar-2020 22:29:58.340 INFO [main] org.apache.catalina.startup.VersionLoggerListener.log CATALINA_HOME:         C:\Tomcat
19-Mar-2020 22:29:58.341 INFO [main] org.apache.catalina.startup.VersionLoggerListener.log Command line argument: -Djava.util.logging.config.file=C:\Tomcat\conf\logging.properties
19-Mar-2020 22:29:58.341 INFO [main] org.apache.catalina.startup.VersionLoggerListener.log Command line argument: -Djava.util.logging.manager=org.apache.juli.ClassLoaderLogManager
19-Mar-2020 22:29:58.341 INFO [main] org.apache.catalina.startup.VersionLoggerListener.log Command line argument: -Djdk.tls.ephemeralDHKeySize=2048
19-Mar-2020 22:29:58.341 INFO [main] org.apache.catalina.startup.VersionLoggerListener.log Command line argument: -Djava.protocol.handler.pkgs=org.apache.catalina.webresources
19-Mar-2020 22:29:58.341 INFO [main] org.apache.catalina.startup.VersionLoggerListener.log Command line argument: -Dignore.endorsed.dirs=
19-Mar-2020 22:29:58.342 INFO [main] org.apache.catalina.startup.VersionLoggerListener.log Command line argument: -Dcatalina.base=C:\Tomcat
19-Mar-2020 22:29:58.342 INFO [main] org.apache.catalina.startup.VersionLoggerListener.log Command line argument: -Dcatalina.home=C:\Tomcat
19-Mar-2020 22:29:58.342 INFO [main] org.apache.catalina.startup.VersionLoggerListener.log Command line argument: -Djava.io.tmpdir=C:\Tomcat\temp
19-Mar-2020 22:29:58.342 INFO [main] org.apache.catalina.core.AprLifecycleListener.lifecycleEvent Loaded APR based Apache Tomcat Native library [1.2.23] using APR version [1.7.0].
19-Mar-2020 22:29:58.342 INFO [main] org.apache.catalina.core.AprLifecycleListener.lifecycleEvent APR capabilities: IPv6 [true], sendfile [true], accept filters [false], random [true].
19-Mar-2020 22:29:58.342 INFO [main] org.apache.catalina.core.AprLifecycleListener.lifecycleEvent APR/OpenSSL configuration: useAprConnector [false], useOpenSSL [true]
19-Mar-2020 22:29:58.346 INFO [main] org.apache.catalina.core.AprLifecycleListener.initializeSSL OpenSSL successfully initialized [OpenSSL 1.1.1c  28 May 2019]
19-Mar-2020 22:29:58.683 INFO [main] org.apache.coyote.AbstractProtocol.init Initializing ProtocolHandler ["http-nio-8081"]
19-Mar-2020 22:29:58.967 INFO [main] org.apache.tomcat.util.net.NioSelectorPool.getSharedSelector Using a shared selector for servlet write/read
19-Mar-2020 22:29:58.977 INFO [main] org.apache.catalina.startup.Catalina.load Initialization processed in 926 ms
19-Mar-2020 22:29:59.005 INFO [main] org.apache.catalina.core.StandardService.startInternal Starting service [Catalina]
19-Mar-2020 22:29:59.005 INFO [main] org.apache.catalina.core.StandardEngine.startInternal Starting Servlet Engine: Apache Tomcat/8.5.51
19-Mar-2020 22:29:59.011 INFO [localhost-startStop-1] org.apache.catalina.startup.HostConfig.deployDirectory Deploying web application directory [C:\Tomcat\webapps\camServer]
19-Mar-2020 22:29:59.427 INFO [localhost-startStop-1] org.apache.jasper.servlet.TldScanner.scanJars At least one JAR was scanned for TLDs yet contained no TLDs. Enable debug logging for this logger for a complete list of JARs that were scanned but no TLDs were found in them. Skipping unneeded JARs during scanning can improve startup time and JSP compilation time.
19-Mar-2020 22:29:59.452 INFO [localhost-startStop-1] org.apache.catalina.startup.HostConfig.deployDirectory Deployment of web application directory [C:\Tomcat\webapps\camServer] has finished in [441] ms
19-Mar-2020 22:29:59.452 INFO [localhost-startStop-1] org.apache.catalina.startup.HostConfig.deployDirectory Deploying web application directory [C:\Tomcat\webapps\docs]
19-Mar-2020 22:29:59.633 INFO [localhost-startStop-1] org.apache.jasper.servlet.TldScanner.scanJars At least one JAR was scanned for TLDs yet contained no TLDs. Enable debug logging for this logger for a complete list of JARs that were scanned but no TLDs were found in them. Skipping unneeded JARs during scanning can improve startup time and JSP compilation time.
19-Mar-2020 22:29:59.635 INFO [localhost-startStop-1] org.apache.catalina.startup.HostConfig.deployDirectory Deployment of web application directory [C:\Tomcat\webapps\docs] has finished in [183] ms
19-Mar-2020 22:29:59.635 INFO [localhost-startStop-1] org.apache.catalina.startup.HostConfig.deployDirectory Deploying web application directory [C:\Tomcat\webapps\examples]
19-Mar-2020 22:30:00.297 INFO [localhost-startStop-1] org.apache.jasper.servlet.TldScanner.scanJars At least one JAR was scanned for TLDs yet contained no TLDs. Enable debug logging for this logger for a complete list of JARs that were scanned but no TLDs were found in them. Skipping unneeded JARs during scanning can improve startup time and JSP compilation time.
19-Mar-2020 22:30:00.339 INFO [localhost-startStop-1] org.apache.catalina.startup.HostConfig.deployDirectory Deployment of web application directory [C:\Tomcat\webapps\examples] has finished in [704] ms
19-Mar-2020 22:30:00.340 INFO [localhost-startStop-1] org.apache.catalina.startup.HostConfig.deployDirectory Deploying web application directory [C:\Tomcat\webapps\FileUploadDatabase]
19-Mar-2020 22:30:00.524 INFO [localhost-startStop-1] org.apache.jasper.servlet.TldScanner.scanJars At least one JAR was scanned for TLDs yet contained no TLDs. Enable debug logging for this logger for a complete list of JARs that were scanned but no TLDs were found in them. Skipping unneeded JARs during scanning can improve startup time and JSP compilation time.
19-Mar-2020 22:30:00.526 INFO [localhost-startStop-1] org.apache.catalina.startup.HostConfig.deployDirectory Deployment of web application directory [C:\Tomcat\webapps\FileUploadDatabase] has finished in [187] ms
19-Mar-2020 22:30:00.526 INFO [localhost-startStop-1] org.apache.catalina.startup.HostConfig.deployDirectory Deploying web application directory [C:\Tomcat\webapps\host-manager]
19-Mar-2020 22:30:00.722 INFO [localhost-startStop-1] org.apache.jasper.servlet.TldScanner.scanJars At least one JAR was scanned for TLDs yet contained no TLDs. Enable debug logging for this logger for a complete list of JARs that were scanned but no TLDs were found in them. Skipping unneeded JARs during scanning can improve startup time and JSP compilation time.
19-Mar-2020 22:30:00.726 INFO [localhost-startStop-1] org.apache.catalina.startup.HostConfig.deployDirectory Deployment of web application directory [C:\Tomcat\webapps\host-manager] has finished in [200] ms
19-Mar-2020 22:30:00.726 INFO [localhost-startStop-1] org.apache.catalina.startup.HostConfig.deployDirectory Deploying web application directory [C:\Tomcat\webapps\manager]
19-Mar-2020 22:30:00.937 INFO [localhost-startStop-1] org.apache.jasper.servlet.TldScanner.scanJars At least one JAR was scanned for TLDs yet contained no TLDs. Enable debug logging for this logger for a complete list of JARs that were scanned but no TLDs were found in them. Skipping unneeded JARs during scanning can improve startup time and JSP compilation time.
19-Mar-2020 22:30:00.939 INFO [localhost-startStop-1] org.apache.catalina.startup.HostConfig.deployDirectory Deployment of web application directory [C:\Tomcat\webapps\manager] has finished in [213] ms
19-Mar-2020 22:30:00.939 INFO [localhost-startStop-1] org.apache.catalina.startup.HostConfig.deployDirectory Deploying web application directory [C:\Tomcat\webapps\midp]
19-Mar-2020 22:30:01.133 INFO [localhost-startStop-1] org.apache.jasper.servlet.TldScanner.scanJars At least one JAR was scanned for TLDs yet contained no TLDs. Enable debug logging for this logger for a complete list of JARs that were scanned but no TLDs were found in them. Skipping unneeded JARs during scanning can improve startup time and JSP compilation time.
19-Mar-2020 22:30:01.136 INFO [localhost-startStop-1] org.apache.catalina.startup.HostConfig.deployDirectory Deployment of web application directory [C:\Tomcat\webapps\midp] has finished in [197] ms
19-Mar-2020 22:30:01.137 INFO [localhost-startStop-1] org.apache.catalina.startup.HostConfig.deployDirectory Deploying web application directory [C:\Tomcat\webapps\PhotoGallery]
19-Mar-2020 22:30:01.151 SEVERE [localhost-startStop-1] org.apache.tomcat.util.digester.Digester.fatalError Parse Fatal Error at line 21 column 1: Content is not allowed in trailing section.
	org.xml.sax.SAXParseException; systemId: file:/C:/Tomcat/webapps/PhotoGallery/WEB-INF/web.xml; lineNumber: 21; columnNumber: 1; Content is not allowed in trailing section.
		at com.sun.org.apache.xerces.internal.util.ErrorHandlerWrapper.createSAXParseException(Unknown Source)
		at com.sun.org.apache.xerces.internal.util.ErrorHandlerWrapper.fatalError(Unknown Source)
		at com.sun.org.apache.xerces.internal.impl.XMLErrorReporter.reportError(Unknown Source)
		at com.sun.org.apache.xerces.internal.impl.XMLErrorReporter.reportError(Unknown Source)
		at com.sun.org.apache.xerces.internal.impl.XMLScanner.reportFatalError(Unknown Source)
		at com.sun.org.apache.xerces.internal.impl.XMLDocumentScannerImpl$TrailingMiscDriver.next(Unknown Source)
		at com.sun.org.apache.xerces.internal.impl.XMLDocumentScannerImpl.next(Unknown Source)
		at com.sun.org.apache.xerces.internal.impl.XMLDocumentFragmentScannerImpl.scanDocument(Unknown Source)
		at com.sun.org.apache.xerces.internal.parsers.XML11Configuration.parse(Unknown Source)
		at com.sun.org.apache.xerces.internal.parsers.XML11Configuration.parse(Unknown Source)
		at com.sun.org.apache.xerces.internal.parsers.XMLParser.parse(Unknown Source)
		at com.sun.org.apache.xerces.internal.parsers.AbstractSAXParser.parse(Unknown Source)
		at com.sun.org.apache.xerces.internal.jaxp.SAXParserImpl$JAXPSAXParser.parse(Unknown Source)
		at org.apache.tomcat.util.digester.Digester.parse(Digester.java:1503)
		at org.apache.tomcat.util.descriptor.web.WebXmlParser.parseWebXml(WebXmlParser.java:119)
		at org.apache.catalina.startup.ContextConfig.webConfig(ContextConfig.java:1115)
		at org.apache.catalina.startup.ContextConfig.configureStart(ContextConfig.java:776)
		at org.apache.catalina.startup.ContextConfig.lifecycleEvent(ContextConfig.java:299)
		at org.apache.catalina.util.LifecycleBase.fireLifecycleEvent(LifecycleBase.java:123)
		at org.apache.catalina.core.StandardContext.startInternal(StandardContext.java:5063)
		at org.apache.catalina.util.LifecycleBase.start(LifecycleBase.java:183)
		at org.apache.catalina.core.ContainerBase.addChildInternal(ContainerBase.java:743)
		at org.apache.catalina.core.ContainerBase.addChild(ContainerBase.java:719)
		at org.apache.catalina.core.StandardHost.addChild(StandardHost.java:705)
		at org.apache.catalina.startup.HostConfig.deployDirectory(HostConfig.java:1125)
		at org.apache.catalina.startup.HostConfig$DeployDirectory.run(HostConfig.java:1859)
		at java.util.concurrent.Executors$RunnableAdapter.call(Unknown Source)
		at java.util.concurrent.FutureTask.run(Unknown Source)
		at java.util.concurrent.ThreadPoolExecutor.runWorker(Unknown Source)
		at java.util.concurrent.ThreadPoolExecutor$Worker.run(Unknown Source)
		at java.lang.Thread.run(Unknown Source)
19-Mar-2020 22:30:01.155 SEVERE [localhost-startStop-1] org.apache.tomcat.util.descriptor.web.WebXmlParser.parseWebXml Parse error in application web.xml file at [file:/C:/Tomcat/webapps/PhotoGallery/WEB-INF/web.xml]
	org.xml.sax.SAXParseException; systemId: file:/C:/Tomcat/webapps/PhotoGallery/WEB-INF/web.xml; lineNumber: 21; columnNumber: 1; Content is not allowed in trailing section.
		at com.sun.org.apache.xerces.internal.util.ErrorHandlerWrapper.createSAXParseException(Unknown Source)
		at com.sun.org.apache.xerces.internal.util.ErrorHandlerWrapper.fatalError(Unknown Source)
		at com.sun.org.apache.xerces.internal.impl.XMLErrorReporter.reportError(Unknown Source)
		at com.sun.org.apache.xerces.internal.impl.XMLErrorReporter.reportError(Unknown Source)
		at com.sun.org.apache.xerces.internal.impl.XMLScanner.reportFatalError(Unknown Source)
		at com.sun.org.apache.xerces.internal.impl.XMLDocumentScannerImpl$TrailingMiscDriver.next(Unknown Source)
		at com.sun.org.apache.xerces.internal.impl.XMLDocumentScannerImpl.next(Unknown Source)
		at com.sun.org.apache.xerces.internal.impl.XMLDocumentFragmentScannerImpl.scanDocument(Unknown Source)
		at com.sun.org.apache.xerces.internal.parsers.XML11Configuration.parse(Unknown Source)
		at com.sun.org.apache.xerces.internal.parsers.XML11Configuration.parse(Unknown Source)
		at com.sun.org.apache.xerces.internal.parsers.XMLParser.parse(Unknown Source)
		at com.sun.org.apache.xerces.internal.parsers.AbstractSAXParser.parse(Unknown Source)
		at com.sun.org.apache.xerces.internal.jaxp.SAXParserImpl$JAXPSAXParser.parse(Unknown Source)
		at org.apache.tomcat.util.digester.Digester.parse(Digester.java:1503)
		at org.apache.tomcat.util.descriptor.web.WebXmlParser.parseWebXml(WebXmlParser.java:119)
		at org.apache.catalina.startup.ContextConfig.webConfig(ContextConfig.java:1115)
		at org.apache.catalina.startup.ContextConfig.configureStart(ContextConfig.java:776)
		at org.apache.catalina.startup.ContextConfig.lifecycleEvent(ContextConfig.java:299)
		at org.apache.catalina.util.LifecycleBase.fireLifecycleEvent(LifecycleBase.java:123)
		at org.apache.catalina.core.StandardContext.startInternal(StandardContext.java:5063)
		at org.apache.catalina.util.LifecycleBase.start(LifecycleBase.java:183)
		at org.apache.catalina.core.ContainerBase.addChildInternal(ContainerBase.java:743)
		at org.apache.catalina.core.ContainerBase.addChild(ContainerBase.java:719)
		at org.apache.catalina.core.StandardHost.addChild(StandardHost.java:705)
		at org.apache.catalina.startup.HostConfig.deployDirectory(HostConfig.java:1125)
		at org.apache.catalina.startup.HostConfig$DeployDirectory.run(HostConfig.java:1859)
		at java.util.concurrent.Executors$RunnableAdapter.call(Unknown Source)
		at java.util.concurrent.FutureTask.run(Unknown Source)
		at java.util.concurrent.ThreadPoolExecutor.runWorker(Unknown Source)
		at java.util.concurrent.ThreadPoolExecutor$Worker.run(Unknown Source)
		at java.lang.Thread.run(Unknown Source)
19-Mar-2020 22:30:01.160 SEVERE [localhost-startStop-1] org.apache.tomcat.util.descriptor.web.WebXmlParser.parseWebXml Occurred at line [21] column [1]
19-Mar-2020 22:30:01.163 SEVERE [localhost-startStop-1] org.apache.catalina.startup.ContextConfig.configureStart Marking this application unavailable due to previous error(s)
19-Mar-2020 22:30:01.163 SEVERE [localhost-startStop-1] org.apache.catalina.core.StandardContext.startInternal One or more components marked the context as not correctly configured
19-Mar-2020 22:30:01.164 SEVERE [localhost-startStop-1] org.apache.catalina.core.StandardContext.startInternal Context [/PhotoGallery] startup failed due to previous errors
19-Mar-2020 22:30:01.170 INFO [localhost-startStop-1] org.apache.catalina.startup.HostConfig.deployDirectory Deployment of web application directory [C:\Tomcat\webapps\PhotoGallery] has finished in [33] ms
19-Mar-2020 22:30:01.170 INFO [localhost-startStop-1] org.apache.catalina.startup.HostConfig.deployDirectory Deploying web application directory [C:\Tomcat\webapps\ROOT]
19-Mar-2020 22:30:01.352 INFO [localhost-startStop-1] org.apache.jasper.servlet.TldScanner.scanJars At least one JAR was scanned for TLDs yet contained no TLDs. Enable debug logging for this logger for a complete list of JARs that were scanned but no TLDs were found in them. Skipping unneeded JARs during scanning can improve startup time and JSP compilation time.
19-Mar-2020 22:30:01.355 INFO [localhost-startStop-1] org.apache.catalina.startup.HostConfig.deployDirectory Deployment of web application directory [C:\Tomcat\webapps\ROOT] has finished in [185] ms
19-Mar-2020 22:30:01.356 INFO [localhost-startStop-1] org.apache.catalina.startup.HostConfig.deployDirectory Deploying web application directory [C:\Tomcat\webapps\servletFileUploader]
19-Mar-2020 22:30:01.592 INFO [localhost-startStop-1] org.apache.jasper.servlet.TldScanner.scanJars At least one JAR was scanned for TLDs yet contained no TLDs. Enable debug logging for this logger for a complete list of JARs that were scanned but no TLDs were found in them. Skipping unneeded JARs during scanning can improve startup time and JSP compilation time.
19-Mar-2020 22:30:01.595 INFO [localhost-startStop-1] org.apache.catalina.startup.HostConfig.deployDirectory Deployment of web application directory [C:\Tomcat\webapps\servletFileUploader] has finished in [239] ms
19-Mar-2020 22:30:01.596 INFO [localhost-startStop-1] org.apache.catalina.startup.HostConfig.deployDirectory Deploying web application directory [C:\Tomcat\webapps\Storage]
19-Mar-2020 22:30:01.778 INFO [localhost-startStop-1] org.apache.jasper.servlet.TldScanner.scanJars At least one JAR was scanned for TLDs yet contained no TLDs. Enable debug logging for this logger for a complete list of JARs that were scanned but no TLDs were found in them. Skipping unneeded JARs during scanning can improve startup time and JSP compilation time.
19-Mar-2020 22:30:01.780 INFO [localhost-startStop-1] org.apache.catalina.startup.HostConfig.deployDirectory Deployment of web application directory [C:\Tomcat\webapps\Storage] has finished in [184] ms
19-Mar-2020 22:30:01.781 INFO [localhost-startStop-1] org.apache.catalina.startup.HostConfig.deployDirectory Deploying web application directory [C:\Tomcat\webapps\upload]
19-Mar-2020 22:30:01.964 INFO [localhost-startStop-1] org.apache.jasper.servlet.TldScanner.scanJars At least one JAR was scanned for TLDs yet contained no TLDs. Enable debug logging for this logger for a complete list of JARs that were scanned but no TLDs were found in them. Skipping unneeded JARs during scanning can improve startup time and JSP compilation time.
19-Mar-2020 22:30:01.966 INFO [localhost-startStop-1] org.apache.catalina.startup.HostConfig.deployDirectory Deployment of web application directory [C:\Tomcat\webapps\upload] has finished in [185] ms
19-Mar-2020 22:30:01.969 INFO [main] org.apache.coyote.AbstractProtocol.start Starting ProtocolHandler ["http-nio-8081"]
19-Mar-2020 22:30:01.976 INFO [main] org.apache.catalina.startup.Catalina.start Server startup in 2997 ms
19-Mar-2020 22:36:41.555 INFO [main] org.apache.catalina.core.StandardServer.await A valid shutdown command was received via the shutdown port. Stopping the Server instance.
19-Mar-2020 22:36:41.555 INFO [main] org.apache.coyote.AbstractProtocol.pause Pausing ProtocolHandler ["http-nio-8081"]
19-Mar-2020 22:36:41.788 INFO [main] org.apache.catalina.core.StandardService.stopInternal Stopping service [Catalina]
19-Mar-2020 22:36:41.811 INFO [main] org.apache.coyote.AbstractProtocol.stop Stopping ProtocolHandler ["http-nio-8081"]
19-Mar-2020 22:36:41.812 INFO [main] org.apache.coyote.AbstractProtocol.destroy Destroying ProtocolHandler ["http-nio-8081"]
19-Mar-2020 22:36:48.768 INFO [main] org.apache.catalina.startup.VersionLoggerListener.log Server version name:   Apache Tomcat/8.5.51
19-Mar-2020 22:36:48.771 INFO [main] org.apache.catalina.startup.VersionLoggerListener.log Server built:          Feb 5 2020 22:26:25 UTC
19-Mar-2020 22:36:48.771 INFO [main] org.apache.catalina.startup.VersionLoggerListener.log Server version number: 8.5.51.0
19-Mar-2020 22:36:48.771 INFO [main] org.apache.catalina.startup.VersionLoggerListener.log OS Name:               Windows 10
19-Mar-2020 22:36:48.771 INFO [main] org.apache.catalina.startup.VersionLoggerListener.log OS Version:            10.0
19-Mar-2020 22:36:48.771 INFO [main] org.apache.catalina.startup.VersionLoggerListener.log Architecture:          amd64
19-Mar-2020 22:36:48.771 INFO [main] org.apache.catalina.startup.VersionLoggerListener.log Java Home:             C:\Program Files\Java\jre1.8.0_241
19-Mar-2020 22:36:48.772 INFO [main] org.apache.catalina.startup.VersionLoggerListener.log JVM Version:           1.8.0_241-b07
19-Mar-2020 22:36:48.772 INFO [main] org.apache.catalina.startup.VersionLoggerListener.log JVM Vendor:            Oracle Corporation
19-Mar-2020 22:36:48.772 INFO [main] org.apache.catalina.startup.VersionLoggerListener.log CATALINA_BASE:         C:\Tomcat
19-Mar-2020 22:36:48.772 INFO [main] org.apache.catalina.startup.VersionLoggerListener.log CATALINA_HOME:         C:\Tomcat
19-Mar-2020 22:36:48.772 INFO [main] org.apache.catalina.startup.VersionLoggerListener.log Command line argument: -Djava.util.logging.config.file=C:\Tomcat\conf\logging.properties
19-Mar-2020 22:36:48.773 INFO [main] org.apache.catalina.startup.VersionLoggerListener.log Command line argument: -Djava.util.logging.manager=org.apache.juli.ClassLoaderLogManager
19-Mar-2020 22:36:48.773 INFO [main] org.apache.catalina.startup.VersionLoggerListener.log Command line argument: -Djdk.tls.ephemeralDHKeySize=2048
19-Mar-2020 22:36:48.773 INFO [main] org.apache.catalina.startup.VersionLoggerListener.log Command line argument: -Djava.protocol.handler.pkgs=org.apache.catalina.webresources
19-Mar-2020 22:36:48.773 INFO [main] org.apache.catalina.startup.VersionLoggerListener.log Command line argument: -Dignore.endorsed.dirs=
19-Mar-2020 22:36:48.773 INFO [main] org.apache.catalina.startup.VersionLoggerListener.log Command line argument: -Dcatalina.base=C:\Tomcat
19-Mar-2020 22:36:48.774 INFO [main] org.apache.catalina.startup.VersionLoggerListener.log Command line argument: -Dcatalina.home=C:\Tomcat
19-Mar-2020 22:36:48.774 INFO [main] org.apache.catalina.startup.VersionLoggerListener.log Command line argument: -Djava.io.tmpdir=C:\Tomcat\temp
19-Mar-2020 22:36:48.774 INFO [main] org.apache.catalina.core.AprLifecycleListener.lifecycleEvent Loaded APR based Apache Tomcat Native library [1.2.23] using APR version [1.7.0].
19-Mar-2020 22:36:48.774 INFO [main] org.apache.catalina.core.AprLifecycleListener.lifecycleEvent APR capabilities: IPv6 [true], sendfile [true], accept filters [false], random [true].
19-Mar-2020 22:36:48.774 INFO [main] org.apache.catalina.core.AprLifecycleListener.lifecycleEvent APR/OpenSSL configuration: useAprConnector [false], useOpenSSL [true]
19-Mar-2020 22:36:48.777 INFO [main] org.apache.catalina.core.AprLifecycleListener.initializeSSL OpenSSL successfully initialized [OpenSSL 1.1.1c  28 May 2019]
19-Mar-2020 22:36:48.889 INFO [main] org.apache.coyote.AbstractProtocol.init Initializing ProtocolHandler ["http-nio-8081"]
19-Mar-2020 22:36:49.171 INFO [main] org.apache.tomcat.util.net.NioSelectorPool.getSharedSelector Using a shared selector for servlet write/read
19-Mar-2020 22:36:49.182 INFO [main] org.apache.catalina.startup.Catalina.load Initialization processed in 681 ms
19-Mar-2020 22:36:49.206 INFO [main] org.apache.catalina.core.StandardService.startInternal Starting service [Catalina]
19-Mar-2020 22:36:49.206 INFO [main] org.apache.catalina.core.StandardEngine.startInternal Starting Servlet Engine: Apache Tomcat/8.5.51
19-Mar-2020 22:36:49.213 INFO [localhost-startStop-1] org.apache.catalina.startup.HostConfig.deployDirectory Deploying web application directory [C:\Tomcat\webapps\camServer]
19-Mar-2020 22:36:49.608 INFO [localhost-startStop-1] org.apache.jasper.servlet.TldScanner.scanJars At least one JAR was scanned for TLDs yet contained no TLDs. Enable debug logging for this logger for a complete list of JARs that were scanned but no TLDs were found in them. Skipping unneeded JARs during scanning can improve startup time and JSP compilation time.
19-Mar-2020 22:36:49.633 INFO [localhost-startStop-1] org.apache.catalina.startup.HostConfig.deployDirectory Deployment of web application directory [C:\Tomcat\webapps\camServer] has finished in [421] ms
19-Mar-2020 22:36:49.633 INFO [localhost-startStop-1] org.apache.catalina.startup.HostConfig.deployDirectory Deploying web application directory [C:\Tomcat\webapps\docs]
19-Mar-2020 22:36:49.810 INFO [localhost-startStop-1] org.apache.jasper.servlet.TldScanner.scanJars At least one JAR was scanned for TLDs yet contained no TLDs. Enable debug logging for this logger for a complete list of JARs that were scanned but no TLDs were found in them. Skipping unneeded JARs during scanning can improve startup time and JSP compilation time.
19-Mar-2020 22:36:49.813 INFO [localhost-startStop-1] org.apache.catalina.startup.HostConfig.deployDirectory Deployment of web application directory [C:\Tomcat\webapps\docs] has finished in [180] ms
19-Mar-2020 22:36:49.814 INFO [localhost-startStop-1] org.apache.catalina.startup.HostConfig.deployDirectory Deploying web application directory [C:\Tomcat\webapps\examples]
19-Mar-2020 22:36:50.161 INFO [localhost-startStop-1] org.apache.jasper.servlet.TldScanner.scanJars At least one JAR was scanned for TLDs yet contained no TLDs. Enable debug logging for this logger for a complete list of JARs that were scanned but no TLDs were found in them. Skipping unneeded JARs during scanning can improve startup time and JSP compilation time.
19-Mar-2020 22:36:50.204 INFO [localhost-startStop-1] org.apache.catalina.startup.HostConfig.deployDirectory Deployment of web application directory [C:\Tomcat\webapps\examples] has finished in [390] ms
19-Mar-2020 22:36:50.204 INFO [localhost-startStop-1] org.apache.catalina.startup.HostConfig.deployDirectory Deploying web application directory [C:\Tomcat\webapps\FileUploadDatabase]
19-Mar-2020 22:36:50.389 INFO [localhost-startStop-1] org.apache.jasper.servlet.TldScanner.scanJars At least one JAR was scanned for TLDs yet contained no TLDs. Enable debug logging for this logger for a complete list of JARs that were scanned but no TLDs were found in them. Skipping unneeded JARs during scanning can improve startup time and JSP compilation time.
19-Mar-2020 22:36:50.391 INFO [localhost-startStop-1] org.apache.catalina.startup.HostConfig.deployDirectory Deployment of web application directory [C:\Tomcat\webapps\FileUploadDatabase] has finished in [187] ms
19-Mar-2020 22:36:50.391 INFO [localhost-startStop-1] org.apache.catalina.startup.HostConfig.deployDirectory Deploying web application directory [C:\Tomcat\webapps\host-manager]
19-Mar-2020 22:36:50.586 INFO [localhost-startStop-1] org.apache.jasper.servlet.TldScanner.scanJars At least one JAR was scanned for TLDs yet contained no TLDs. Enable debug logging for this logger for a complete list of JARs that were scanned but no TLDs were found in them. Skipping unneeded JARs during scanning can improve startup time and JSP compilation time.
19-Mar-2020 22:36:50.590 INFO [localhost-startStop-1] org.apache.catalina.startup.HostConfig.deployDirectory Deployment of web application directory [C:\Tomcat\webapps\host-manager] has finished in [199] ms
19-Mar-2020 22:36:50.591 INFO [localhost-startStop-1] org.apache.catalina.startup.HostConfig.deployDirectory Deploying web application directory [C:\Tomcat\webapps\manager]
19-Mar-2020 22:36:50.804 INFO [localhost-startStop-1] org.apache.jasper.servlet.TldScanner.scanJars At least one JAR was scanned for TLDs yet contained no TLDs. Enable debug logging for this logger for a complete list of JARs that were scanned but no TLDs were found in them. Skipping unneeded JARs during scanning can improve startup time and JSP compilation time.
19-Mar-2020 22:36:50.806 INFO [localhost-startStop-1] org.apache.catalina.startup.HostConfig.deployDirectory Deployment of web application directory [C:\Tomcat\webapps\manager] has finished in [215] ms
19-Mar-2020 22:36:50.806 INFO [localhost-startStop-1] org.apache.catalina.startup.HostConfig.deployDirectory Deploying web application directory [C:\Tomcat\webapps\midp]
19-Mar-2020 22:36:51.022 INFO [localhost-startStop-1] org.apache.jasper.servlet.TldScanner.scanJars At least one JAR was scanned for TLDs yet contained no TLDs. Enable debug logging for this logger for a complete list of JARs that were scanned but no TLDs were found in them. Skipping unneeded JARs during scanning can improve startup time and JSP compilation time.
19-Mar-2020 22:36:51.027 INFO [localhost-startStop-1] org.apache.catalina.startup.HostConfig.deployDirectory Deployment of web application directory [C:\Tomcat\webapps\midp] has finished in [221] ms
19-Mar-2020 22:36:51.027 INFO [localhost-startStop-1] org.apache.catalina.startup.HostConfig.deployDirectory Deploying web application directory [C:\Tomcat\webapps\PhotoGallery]
19-Mar-2020 22:36:51.040 SEVERE [localhost-startStop-1] org.apache.tomcat.util.digester.Digester.fatalError Parse Fatal Error at line 21 column 1: Content is not allowed in trailing section.
	org.xml.sax.SAXParseException; systemId: file:/C:/Tomcat/webapps/PhotoGallery/WEB-INF/web.xml; lineNumber: 21; columnNumber: 1; Content is not allowed in trailing section.
		at com.sun.org.apache.xerces.internal.util.ErrorHandlerWrapper.createSAXParseException(Unknown Source)
		at com.sun.org.apache.xerces.internal.util.ErrorHandlerWrapper.fatalError(Unknown Source)
		at com.sun.org.apache.xerces.internal.impl.XMLErrorReporter.reportError(Unknown Source)
		at com.sun.org.apache.xerces.internal.impl.XMLErrorReporter.reportError(Unknown Source)
		at com.sun.org.apache.xerces.internal.impl.XMLScanner.reportFatalError(Unknown Source)
		at com.sun.org.apache.xerces.internal.impl.XMLDocumentScannerImpl$TrailingMiscDriver.next(Unknown Source)
		at com.sun.org.apache.xerces.internal.impl.XMLDocumentScannerImpl.next(Unknown Source)
		at com.sun.org.apache.xerces.internal.impl.XMLDocumentFragmentScannerImpl.scanDocument(Unknown Source)
		at com.sun.org.apache.xerces.internal.parsers.XML11Configuration.parse(Unknown Source)
		at com.sun.org.apache.xerces.internal.parsers.XML11Configuration.parse(Unknown Source)
		at com.sun.org.apache.xerces.internal.parsers.XMLParser.parse(Unknown Source)
		at com.sun.org.apache.xerces.internal.parsers.AbstractSAXParser.parse(Unknown Source)
		at com.sun.org.apache.xerces.internal.jaxp.SAXParserImpl$JAXPSAXParser.parse(Unknown Source)
		at org.apache.tomcat.util.digester.Digester.parse(Digester.java:1503)
		at org.apache.tomcat.util.descriptor.web.WebXmlParser.parseWebXml(WebXmlParser.java:119)
		at org.apache.catalina.startup.ContextConfig.webConfig(ContextConfig.java:1115)
		at org.apache.catalina.startup.ContextConfig.configureStart(ContextConfig.java:776)
		at org.apache.catalina.startup.ContextConfig.lifecycleEvent(ContextConfig.java:299)
		at org.apache.catalina.util.LifecycleBase.fireLifecycleEvent(LifecycleBase.java:123)
		at org.apache.catalina.core.StandardContext.startInternal(StandardContext.java:5063)
		at org.apache.catalina.util.LifecycleBase.start(LifecycleBase.java:183)
		at org.apache.catalina.core.ContainerBase.addChildInternal(ContainerBase.java:743)
		at org.apache.catalina.core.ContainerBase.addChild(ContainerBase.java:719)
		at org.apache.catalina.core.StandardHost.addChild(StandardHost.java:705)
		at org.apache.catalina.startup.HostConfig.deployDirectory(HostConfig.java:1125)
		at org.apache.catalina.startup.HostConfig$DeployDirectory.run(HostConfig.java:1859)
		at java.util.concurrent.Executors$RunnableAdapter.call(Unknown Source)
		at java.util.concurrent.FutureTask.run(Unknown Source)
		at java.util.concurrent.ThreadPoolExecutor.runWorker(Unknown Source)
		at java.util.concurrent.ThreadPoolExecutor$Worker.run(Unknown Source)
		at java.lang.Thread.run(Unknown Source)
19-Mar-2020 22:36:51.043 SEVERE [localhost-startStop-1] org.apache.tomcat.util.descriptor.web.WebXmlParser.parseWebXml Parse error in application web.xml file at [file:/C:/Tomcat/webapps/PhotoGallery/WEB-INF/web.xml]
	org.xml.sax.SAXParseException; systemId: file:/C:/Tomcat/webapps/PhotoGallery/WEB-INF/web.xml; lineNumber: 21; columnNumber: 1; Content is not allowed in trailing section.
		at com.sun.org.apache.xerces.internal.util.ErrorHandlerWrapper.createSAXParseException(Unknown Source)
		at com.sun.org.apache.xerces.internal.util.ErrorHandlerWrapper.fatalError(Unknown Source)
		at com.sun.org.apache.xerces.internal.impl.XMLErrorReporter.reportError(Unknown Source)
		at com.sun.org.apache.xerces.internal.impl.XMLErrorReporter.reportError(Unknown Source)
		at com.sun.org.apache.xerces.internal.impl.XMLScanner.reportFatalError(Unknown Source)
		at com.sun.org.apache.xerces.internal.impl.XMLDocumentScannerImpl$TrailingMiscDriver.next(Unknown Source)
		at com.sun.org.apache.xerces.internal.impl.XMLDocumentScannerImpl.next(Unknown Source)
		at com.sun.org.apache.xerces.internal.impl.XMLDocumentFragmentScannerImpl.scanDocument(Unknown Source)
		at com.sun.org.apache.xerces.internal.parsers.XML11Configuration.parse(Unknown Source)
		at com.sun.org.apache.xerces.internal.parsers.XML11Configuration.parse(Unknown Source)
		at com.sun.org.apache.xerces.internal.parsers.XMLParser.parse(Unknown Source)
		at com.sun.org.apache.xerces.internal.parsers.AbstractSAXParser.parse(Unknown Source)
		at com.sun.org.apache.xerces.internal.jaxp.SAXParserImpl$JAXPSAXParser.parse(Unknown Source)
		at org.apache.tomcat.util.digester.Digester.parse(Digester.java:1503)
		at org.apache.tomcat.util.descriptor.web.WebXmlParser.parseWebXml(WebXmlParser.java:119)
		at org.apache.catalina.startup.ContextConfig.webConfig(ContextConfig.java:1115)
		at org.apache.catalina.startup.ContextConfig.configureStart(ContextConfig.java:776)
		at org.apache.catalina.startup.ContextConfig.lifecycleEvent(ContextConfig.java:299)
		at org.apache.catalina.util.LifecycleBase.fireLifecycleEvent(LifecycleBase.java:123)
		at org.apache.catalina.core.StandardContext.startInternal(StandardContext.java:5063)
		at org.apache.catalina.util.LifecycleBase.start(LifecycleBase.java:183)
		at org.apache.catalina.core.ContainerBase.addChildInternal(ContainerBase.java:743)
		at org.apache.catalina.core.ContainerBase.addChild(ContainerBase.java:719)
		at org.apache.catalina.core.StandardHost.addChild(StandardHost.java:705)
		at org.apache.catalina.startup.HostConfig.deployDirectory(HostConfig.java:1125)
		at org.apache.catalina.startup.HostConfig$DeployDirectory.run(HostConfig.java:1859)
		at java.util.concurrent.Executors$RunnableAdapter.call(Unknown Source)
		at java.util.concurrent.FutureTask.run(Unknown Source)
		at java.util.concurrent.ThreadPoolExecutor.runWorker(Unknown Source)
		at java.util.concurrent.ThreadPoolExecutor$Worker.run(Unknown Source)
		at java.lang.Thread.run(Unknown Source)
19-Mar-2020 22:36:51.049 SEVERE [localhost-startStop-1] org.apache.tomcat.util.descriptor.web.WebXmlParser.parseWebXml Occurred at line [21] column [1]
19-Mar-2020 22:36:51.052 SEVERE [localhost-startStop-1] org.apache.catalina.startup.ContextConfig.configureStart Marking this application unavailable due to previous error(s)
19-Mar-2020 22:36:51.053 SEVERE [localhost-startStop-1] org.apache.catalina.core.StandardContext.startInternal One or more components marked the context as not correctly configured
19-Mar-2020 22:36:51.053 SEVERE [localhost-startStop-1] org.apache.catalina.core.StandardContext.startInternal Context [/PhotoGallery] startup failed due to previous errors
19-Mar-2020 22:36:51.060 INFO [localhost-startStop-1] org.apache.catalina.startup.HostConfig.deployDirectory Deployment of web application directory [C:\Tomcat\webapps\PhotoGallery] has finished in [33] ms
19-Mar-2020 22:36:51.060 INFO [localhost-startStop-1] org.apache.catalina.startup.HostConfig.deployDirectory Deploying web application directory [C:\Tomcat\webapps\ROOT]
19-Mar-2020 22:36:51.272 INFO [localhost-startStop-1] org.apache.jasper.servlet.TldScanner.scanJars At least one JAR was scanned for TLDs yet contained no TLDs. Enable debug logging for this logger for a complete list of JARs that were scanned but no TLDs were found in them. Skipping unneeded JARs during scanning can improve startup time and JSP compilation time.
19-Mar-2020 22:36:51.275 INFO [localhost-startStop-1] org.apache.catalina.startup.HostConfig.deployDirectory Deployment of web application directory [C:\Tomcat\webapps\ROOT] has finished in [215] ms
19-Mar-2020 22:36:51.275 INFO [localhost-startStop-1] org.apache.catalina.startup.HostConfig.deployDirectory Deploying web application directory [C:\Tomcat\webapps\servletFileUploader]
19-Mar-2020 22:36:51.521 INFO [localhost-startStop-1] org.apache.jasper.servlet.TldScanner.scanJars At least one JAR was scanned for TLDs yet contained no TLDs. Enable debug logging for this logger for a complete list of JARs that were scanned but no TLDs were found in them. Skipping unneeded JARs during scanning can improve startup time and JSP compilation time.
19-Mar-2020 22:36:51.524 INFO [localhost-startStop-1] org.apache.catalina.startup.HostConfig.deployDirectory Deployment of web application directory [C:\Tomcat\webapps\servletFileUploader] has finished in [249] ms
19-Mar-2020 22:36:51.524 INFO [localhost-startStop-1] org.apache.catalina.startup.HostConfig.deployDirectory Deploying web application directory [C:\Tomcat\webapps\Storage]
19-Mar-2020 22:36:51.693 INFO [localhost-startStop-1] org.apache.jasper.servlet.TldScanner.scanJars At least one JAR was scanned for TLDs yet contained no TLDs. Enable debug logging for this logger for a complete list of JARs that were scanned but no TLDs were found in them. Skipping unneeded JARs during scanning can improve startup time and JSP compilation time.
19-Mar-2020 22:36:51.696 INFO [localhost-startStop-1] org.apache.catalina.startup.HostConfig.deployDirectory Deployment of web application directory [C:\Tomcat\webapps\Storage] has finished in [172] ms
19-Mar-2020 22:36:51.696 INFO [localhost-startStop-1] org.apache.catalina.startup.HostConfig.deployDirectory Deploying web application directory [C:\Tomcat\webapps\upload]
19-Mar-2020 22:36:51.864 INFO [localhost-startStop-1] org.apache.jasper.servlet.TldScanner.scanJars At least one JAR was scanned for TLDs yet contained no TLDs. Enable debug logging for this logger for a complete list of JARs that were scanned but no TLDs were found in them. Skipping unneeded JARs during scanning can improve startup time and JSP compilation time.
19-Mar-2020 22:36:51.867 INFO [localhost-startStop-1] org.apache.catalina.startup.HostConfig.deployDirectory Deployment of web application directory [C:\Tomcat\webapps\upload] has finished in [171] ms
19-Mar-2020 22:36:51.869 INFO [main] org.apache.coyote.AbstractProtocol.start Starting ProtocolHandler ["http-nio-8081"]
19-Mar-2020 22:36:51.876 INFO [main] org.apache.catalina.startup.Catalina.start Server startup in 2692 ms
